[debug] [2021-10-19T12:55:48.139Z] ----------------------------------------------------------------------
[debug] [2021-10-19T12:55:48.142Z] Command:       C:\Program Files\nodejs\node.exe C:\Users\Dell\AppData\Roaming\npm\node_modules\firebase-tools\lib\bin\firebase.js init
[debug] [2021-10-19T12:55:48.143Z] CLI Version:   9.20.0
[debug] [2021-10-19T12:55:48.143Z] Platform:      win32
[debug] [2021-10-19T12:55:48.143Z] Node Version:  v14.17.1
[debug] [2021-10-19T12:55:48.144Z] Time:          Tue Oct 19 2021 18:55:48 GMT+0600 (Bangladesh Standard Time)
[debug] [2021-10-19T12:55:48.145Z] ----------------------------------------------------------------------
[debug] 
[debug] [2021-10-19T12:55:48.154Z] > command requires scopes: ["email","openid","https://www.googleapis.com/auth/cloudplatformprojects.readonly","https://www.googleapis.com/auth/firebase","https://www.googleapis.com/auth/cloud-platform"]
[debug] [2021-10-19T12:55:48.155Z] > authorizing via signed-in user (jahidshawon1730@gmail.com)
[info] 
     ######## #### ########  ######## ########     ###     ######  ########
     ##        ##  ##     ## ##       ##     ##  ##   ##  ##       ##
     ######    ##  ########  ######   ########  #########  ######  ######
     ##        ##  ##    ##  ##       ##     ## ##     ##       ## ##
     ##       #### ##     ## ######## ########  ##     ##  ######  ########

You're about to initialize a Firebase project in this directory:

  E:\Programming-Hero\Milestone 10\working-react-project

[debug] [2021-10-19T13:02:22.202Z] ----------------------------------------------------------------------
[debug] [2021-10-19T13:02:22.205Z] Command:       C:\Program Files\nodejs\node.exe C:\Users\Dell\AppData\Roaming\npm\node_modules\firebase-tools\lib\bin\firebase.js init
[debug] [2021-10-19T13:02:22.206Z] CLI Version:   9.20.0
[debug] [2021-10-19T13:02:22.206Z] Platform:      win32
[debug] [2021-10-19T13:02:22.206Z] Node Version:  v14.17.1
[debug] [2021-10-19T13:02:22.208Z] Time:          Tue Oct 19 2021 19:02:22 GMT+0600 (Bangladesh Standard Time)
[debug] [2021-10-19T13:02:22.208Z] ----------------------------------------------------------------------
[debug] 
[debug] [2021-10-19T13:02:22.243Z] > command requires scopes: ["email","openid","https://www.googleapis.com/auth/cloudplatformprojects.readonly","https://www.googleapis.com/auth/firebase","https://www.googleapis.com/auth/cloud-platform"]
[debug] [2021-10-19T13:02:22.244Z] > authorizing via signed-in user (jahidshawon1730@gmail.com)
[info] 
     ######## #### ########  ######## ########     ###     ######  ########
     ##        ##  ##     ## ##       ##     ##  ##   ##  ##       ##
     ######    ##  ########  ######   ########  #########  ######  ######
     ##        ##  ##    ##  ##       ##     ## ##     ##       ## ##
     ##       #### ##     ## ######## ########  ##     ##  ######  ########

You're about to initialize a Firebase project in this directory:

  E:\Programming-Hero\Milestone 10\working-react-project

[info] 
=== Project Setup
[info] 
[info] First, let's associate this project directory with a Firebase project.
[info] You can create multiple project aliases by running firebase use --add, 
[info] but for now we'll just set up a default project.
[info] 
[debug] [2021-10-19T13:06:41.976Z] >>> [apiv2][query] GET https://firebase.googleapis.com/v1beta1/projects pageSize=100
[debug] [2021-10-19T13:06:43.278Z] <<< [apiv2][status] GET https://firebase.googleapis.com/v1beta1/projects 200
[debug] [2021-10-19T13:06:43.278Z] <<< [apiv2][body] GET https://firebase.googleapis.com/v1beta1/projects [omitted]
[info] i  Using project incare-health (Incare Health) 
[info] 
=== Hosting Setup
[info] 
[info] Your public directory is the folder (relative to your project directory) that
[info] will contain Hosting assets to be uploaded with firebase deploy. If you
[info] have a build process for your assets, use your build's output directory.
[info] 
